[2024-10-30 11:07:53] [INFO]    [OmnipathR] Welcome to OmnipathR!
[2024-10-30 11:07:53] [TRACE]   [OmnipathR] Reading JSON from `/Users/jigsaw-0/Library/Caches/OmnipathR/cache.json` (encoding: UTF-8).
[2024-10-30 11:07:53] [TRACE]   [OmnipathR] JSON validation successful: TRUE
[2024-10-30 11:07:53] [INFO]    [OmnipathR] Initialized cache: `/Users/jigsaw-0/Library/Caches/OmnipathR`.
[2024-10-30 11:07:53] [TRACE]   [OmnipathR] Reading JSON from `/Library/Frameworks/R.framework/Versions/4.4-arm64/Resources/library/OmnipathR/db/db_def.json` (encoding: UTF-8).
[2024-10-30 11:07:53] [TRACE]   [OmnipathR] JSON validation successful: TRUE
[2024-10-30 11:07:53] [TRACE]   [OmnipathR] Reading JSON from `/Library/Frameworks/R.framework/Versions/4.4-arm64/Resources/library/OmnipathR/internal/magic_bytes.json` (encoding: UTF-8).
[2024-10-30 11:07:53] [TRACE]   [OmnipathR] JSON validation successful: TRUE
[2024-10-30 11:07:53] [TRACE]   [OmnipathR] Reading JSON from `/Library/Frameworks/R.framework/Versions/4.4-arm64/Resources/library/OmnipathR/internal/urls.json` (encoding: UTF-8).
[2024-10-30 11:07:53] [TRACE]   [OmnipathR] JSON validation successful: TRUE
[2024-10-30 11:07:53] [TRACE]   [OmnipathR] Reading JSON from `/Library/Frameworks/R.framework/Versions/4.4-arm64/Resources/library/OmnipathR/internal/id_types.json` (encoding: UTF-8).
[2024-10-30 11:07:53] [TRACE]   [OmnipathR] JSON validation successful: TRUE
[2024-11-12 10:55:04] [INFO]    [OmnipathR] Loading database `Ensembl and OMA organism names`.
[2024-11-12 10:55:04] [INFO]    [OmnipathR] Looking up in cache `https://www.ensembl.org/info/about/species.html`: key=7332486db7400730697234bad76ca0c8e4d00799, latest version=1.
[2024-11-12 10:55:04] [TRACE]   [OmnipathR] Cache file path: /Users/jigsaw-0/Library/Caches/OmnipathR/7332486db7400730697234bad76ca0c8e4d00799-1.html
[2024-11-12 10:55:04] [TRACE]   [OmnipathR] Looking up in cache: `https://omabrowser.org/All/oma-species.txt`.
[2024-11-12 10:55:04] [TRACE]   [OmnipathR] Loaded data from RDS `/Users/jigsaw-0/Library/Caches/OmnipathR/30e690cbb55dfc63b5903ab337f34ffc2f4be397-1.rds`.
[2024-11-12 10:55:04] [INFO]    [OmnipathR] Loaded database `Ensembl and OMA organism names`.
[2024-11-12 10:55:05] [TRACE]   [OmnipathR] Looking up in cache: `https://omnipathdb.org/interactions?genesymbols=yes&datasets=collectri&organisms=10090&dorothea_levels=A,B&fields=evidences,sources,references,curation_effort&loops=yes&license=academic`
[2024-11-12 10:55:05] [TRACE]   [OmnipathR] Loaded data from RDS `/Users/jigsaw-0/Library/Caches/OmnipathR/107896962c7d5fc50d4cbc51809a591cd50bb105-1.rds`.
[2024-11-12 10:55:05] [INFO]    [OmnipathR] Loaded from cache: `https://omnipathdb.org/interactions?genesymbols=yes&datasets=collectri&organisms=10090&dorothea_levels=A,B&fields=evidences,sources,references,curation_effort&loops=yes&license=academic`
[2024-11-12 10:55:05] [TRACE]   [OmnipathR] Converting JSON column `evidences` to list.
[2024-11-12 10:55:06] [TRACE]   [OmnipathR] Restricting interaction records to datasets: collectri; and resources: any
[2024-11-12 10:55:07] [TRACE]   [OmnipathR] Filtering evidence columns: positive, negative, directed, undirected; to datasets: collectri; and resources: any; excluding resources: none
[2024-11-12 10:55:25] [SUCCESS] [OmnipathR] Downloaded 38823 interactions.
[2024-11-12 13:55:12] [TRACE]   [OmnipathR] Removing database `Ensembl and OMA organism names` (not used in the past 10800 seconds)
